{"C:\\Users\\mc1gr\\OneDrive\\Рабочий стол\\frontend\\src\\App.js": {"path":"C:\\Users\\mc1gr\\OneDrive\\Рабочий стол\\frontend\\src\\App.js","statementMap":{"0":{"start":{"line":17,"column":4},"end":{"line":35,"column":6}}},"fnMap":{"0":{"name":"App","decl":{"start":{"line":16,"column":9},"end":{"line":16,"column":12}},"loc":{"start":{"line":16,"column":14},"end":{"line":36,"column":1}},"line":16}},"branchMap":{},"s":{"0":1},"f":{"0":1},"b":{},"_coverageSchema":"332fd63041d2c1bcb487cc26dd0d5f7d97098a6c","hash":"fabad3eddf0bbed13469f0f3e1aacf1c8d3da0ce"}
,"C:\\Users\\mc1gr\\OneDrive\\Рабочий стол\\frontend\\src\\index.js": {"path":"C:\\Users\\mc1gr\\OneDrive\\Рабочий стол\\frontend\\src\\index.js","statementMap":{"0":{"start":{"line":1,"column":0},"end":{"line":null,"column":-1}},"1":{"start":{"line":2,"column":0},"end":{"line":null,"column":-1}},"2":{"start":{"line":3,"column":0},"end":{"line":null,"column":-1}},"3":{"start":{"line":5,"column":0},"end":{"line":null,"column":-1}}},"fnMap":{},"branchMap":{},"s":{"0":0,"1":0,"2":0,"3":0},"f":{},"b":{}}
,"C:\\Users\\mc1gr\\OneDrive\\Рабочий стол\\frontend\\src\\routes\\add_car.js": {"path":"C:\\Users\\mc1gr\\OneDrive\\Рабочий стол\\frontend\\src\\routes\\add_car.js","statementMap":{"0":{"start":{"line":7,"column":19},"end":{"line":9,"column":5}},"1":{"start":{"line":11,"column":32},"end":{"line":11,"column":44}},"2":{"start":{"line":13,"column":21},"end":{"line":13,"column":34}},"3":{"start":{"line":15,"column":23},"end":{"line":41,"column":5}},"4":{"start":{"line":16,"column":8},"end":{"line":16,"column":29}},"5":{"start":{"line":17,"column":28},"end":{"line":17,"column":73}},"6":{"start":{"line":18,"column":28},"end":{"line":18,"column":55}},"7":{"start":{"line":19,"column":22},"end":{"line":19,"column":63}},"8":{"start":{"line":20,"column":8},"end":{"line":40,"column":15}},"9":{"start":{"line":26,"column":29},"end":{"line":26,"column":42}},"10":{"start":{"line":27,"column":16},"end":{"line":27,"column":33}},"11":{"start":{"line":28,"column":16},"end":{"line":39,"column":23}},"12":{"start":{"line":34,"column":24},"end":{"line":34,"column":56}},"13":{"start":{"line":35,"column":24},"end":{"line":35,"column":42}},"14":{"start":{"line":38,"column":24},"end":{"line":38,"column":53}},"15":{"start":{"line":43,"column":4},"end":{"line":68,"column":6}},"16":{"start":{"line":52,"column":46},"end":{"line":52,"column":105}},"17":{"start":{"line":52,"column":67},"end":{"line":52,"column":103}},"18":{"start":{"line":55,"column":46},"end":{"line":55,"column":106}},"19":{"start":{"line":55,"column":67},"end":{"line":55,"column":104}},"20":{"start":{"line":58,"column":46},"end":{"line":58,"column":107}},"21":{"start":{"line":58,"column":67},"end":{"line":58,"column":105}}},"fnMap":{"0":{"name":"AddCar","decl":{"start":{"line":6,"column":24},"end":{"line":6,"column":30}},"loc":{"start":{"line":6,"column":33},"end":{"line":69,"column":1}},"line":6},"1":{"name":"(anonymous_1)","decl":{"start":{"line":15,"column":23},"end":{"line":15,"column":24}},"loc":{"start":{"line":15,"column":32},"end":{"line":41,"column":5}},"line":15},"2":{"name":"(anonymous_2)","decl":{"start":{"line":25,"column":18},"end":{"line":25,"column":19}},"loc":{"start":{"line":25,"column":28},"end":{"line":40,"column":13}},"line":25},"3":{"name":"(anonymous_3)","decl":{"start":{"line":33,"column":26},"end":{"line":33,"column":27}},"loc":{"start":{"line":33,"column":32},"end":{"line":36,"column":21}},"line":33},"4":{"name":"(anonymous_4)","decl":{"start":{"line":37,"column":27},"end":{"line":37,"column":28}},"loc":{"start":{"line":37,"column":36},"end":{"line":39,"column":21}},"line":37},"5":{"name":"(anonymous_5)","decl":{"start":{"line":52,"column":39},"end":{"line":52,"column":40}},"loc":{"start":{"line":52,"column":46},"end":{"line":52,"column":105}},"line":52},"6":{"name":"(anonymous_6)","decl":{"start":{"line":52,"column":56},"end":{"line":52,"column":57}},"loc":{"start":{"line":52,"column":67},"end":{"line":52,"column":103}},"line":52},"7":{"name":"(anonymous_7)","decl":{"start":{"line":55,"column":39},"end":{"line":55,"column":40}},"loc":{"start":{"line":55,"column":46},"end":{"line":55,"column":106}},"line":55},"8":{"name":"(anonymous_8)","decl":{"start":{"line":55,"column":56},"end":{"line":55,"column":57}},"loc":{"start":{"line":55,"column":67},"end":{"line":55,"column":104}},"line":55},"9":{"name":"(anonymous_9)","decl":{"start":{"line":58,"column":39},"end":{"line":58,"column":40}},"loc":{"start":{"line":58,"column":46},"end":{"line":58,"column":107}},"line":58},"10":{"name":"(anonymous_10)","decl":{"start":{"line":58,"column":56},"end":{"line":58,"column":57}},"loc":{"start":{"line":58,"column":67},"end":{"line":58,"column":105}},"line":58}},"branchMap":{"0":{"loc":{"start":{"line":8,"column":8},"end":{"line":8,"column":65}},"type":"binary-expr","locations":[{"start":{"line":8,"column":8},"end":{"line":8,"column":59}},{"start":{"line":8,"column":63},"end":{"line":8,"column":65}}],"line":8}},"s":{"0":0,"1":0,"2":0,"3":0,"4":0,"5":0,"6":0,"7":0,"8":0,"9":0,"10":0,"11":0,"12":0,"13":0,"14":0,"15":0,"16":0,"17":0,"18":0,"19":0,"20":0,"21":0},"f":{"0":0,"1":0,"2":0,"3":0,"4":0,"5":0,"6":0,"7":0,"8":0,"9":0,"10":0},"b":{"0":[0,0]},"_coverageSchema":"332fd63041d2c1bcb487cc26dd0d5f7d97098a6c","hash":"e360ba7f7979bbf3f0c4186a41a47f94a65aee81"}
,"C:\\Users\\mc1gr\\OneDrive\\Рабочий стол\\frontend\\src\\routes\\cars.js": {"path":"C:\\Users\\mc1gr\\OneDrive\\Рабочий стол\\frontend\\src\\routes\\cars.js","statementMap":{"0":{"start":{"line":7,"column":28},"end":{"line":7,"column":40}},"1":{"start":{"line":9,"column":28},"end":{"line":11,"column":5}},"2":{"start":{"line":13,"column":21},"end":{"line":13,"column":34}},"3":{"start":{"line":14,"column":4},"end":{"line":20,"column":11}},"4":{"start":{"line":15,"column":27},"end":{"line":15,"column":54}},"5":{"start":{"line":16,"column":8},"end":{"line":19,"column":15}},"6":{"start":{"line":18,"column":16},"end":{"line":18,"column":35}},"7":{"start":{"line":22,"column":25},"end":{"line":30,"column":5}},"8":{"start":{"line":23,"column":8},"end":{"line":29,"column":9}},"9":{"start":{"line":24,"column":12},"end":{"line":24,"column":64}},"10":{"start":{"line":28,"column":12},"end":{"line":28,"column":32}},"11":{"start":{"line":32,"column":28},"end":{"line":40,"column":5}},"12":{"start":{"line":33,"column":8},"end":{"line":39,"column":9}},"13":{"start":{"line":34,"column":12},"end":{"line":34,"column":64}},"14":{"start":{"line":38,"column":12},"end":{"line":38,"column":35}},"15":{"start":{"line":42,"column":4},"end":{"line":75,"column":5}},"16":{"start":{"line":59,"column":32},"end":{"line":64,"column":37}}},"fnMap":{"0":{"name":"Cars","decl":{"start":{"line":6,"column":24},"end":{"line":6,"column":28}},"loc":{"start":{"line":6,"column":31},"end":{"line":76,"column":1}},"line":6},"1":{"name":"(anonymous_1)","decl":{"start":{"line":14,"column":14},"end":{"line":14,"column":15}},"loc":{"start":{"line":14,"column":20},"end":{"line":20,"column":5}},"line":14},"2":{"name":"(anonymous_2)","decl":{"start":{"line":17,"column":18},"end":{"line":17,"column":19}},"loc":{"start":{"line":17,"column":28},"end":{"line":19,"column":13}},"line":17},"3":{"name":"(anonymous_3)","decl":{"start":{"line":22,"column":25},"end":{"line":22,"column":26}},"loc":{"start":{"line":22,"column":30},"end":{"line":30,"column":5}},"line":22},"4":{"name":"(anonymous_4)","decl":{"start":{"line":32,"column":28},"end":{"line":32,"column":29}},"loc":{"start":{"line":32,"column":33},"end":{"line":40,"column":5}},"line":32},"5":{"name":"(anonymous_5)","decl":{"start":{"line":58,"column":37},"end":{"line":58,"column":38}},"loc":{"start":{"line":59,"column":32},"end":{"line":64,"column":37}},"line":59}},"branchMap":{"0":{"loc":{"start":{"line":10,"column":8},"end":{"line":10,"column":65}},"type":"binary-expr","locations":[{"start":{"line":10,"column":8},"end":{"line":10,"column":59}},{"start":{"line":10,"column":63},"end":{"line":10,"column":65}}],"line":10},"1":{"loc":{"start":{"line":23,"column":8},"end":{"line":29,"column":9}},"type":"if","locations":[{"start":{"line":23,"column":8},"end":{"line":29,"column":9}},{"start":{"line":23,"column":8},"end":{"line":29,"column":9}}],"line":23},"2":{"loc":{"start":{"line":33,"column":8},"end":{"line":39,"column":9}},"type":"if","locations":[{"start":{"line":33,"column":8},"end":{"line":39,"column":9}},{"start":{"line":33,"column":8},"end":{"line":39,"column":9}}],"line":33}},"s":{"0":2,"1":1,"2":1,"3":1,"4":1,"5":1,"6":0,"7":1,"8":0,"9":0,"10":0,"11":1,"12":0,"13":0,"14":0,"15":1,"16":0},"f":{"0":2,"1":1,"2":0,"3":0,"4":0,"5":0},"b":{"0":[1,1],"1":[0,0],"2":[0,0]},"_coverageSchema":"332fd63041d2c1bcb487cc26dd0d5f7d97098a6c","hash":"83c0669bf6527a7df9dfbd36d0af2f98cad2b4c2"}
,"C:\\Users\\mc1gr\\OneDrive\\Рабочий стол\\frontend\\src\\routes\\create_rent.js": {"path":"C:\\Users\\mc1gr\\OneDrive\\Рабочий стол\\frontend\\src\\routes\\create_rent.js","statementMap":{"0":{"start":{"line":8,"column":19},"end":{"line":10,"column":5}},"1":{"start":{"line":12,"column":40},"end":{"line":12,"column":52}},"2":{"start":{"line":14,"column":21},"end":{"line":14,"column":34}},"3":{"start":{"line":16,"column":23},"end":{"line":55,"column":5}},"4":{"start":{"line":17,"column":8},"end":{"line":17,"column":29}},"5":{"start":{"line":18,"column":28},"end":{"line":18,"column":73}},"6":{"start":{"line":19,"column":28},"end":{"line":19,"column":56}},"7":{"start":{"line":20,"column":22},"end":{"line":20,"column":63}},"8":{"start":{"line":21,"column":8},"end":{"line":54,"column":15}},"9":{"start":{"line":27,"column":29},"end":{"line":27,"column":87}},"10":{"start":{"line":28,"column":16},"end":{"line":28,"column":33}},"11":{"start":{"line":29,"column":16},"end":{"line":53,"column":23}},"12":{"start":{"line":35,"column":24},"end":{"line":35,"column":53}},"13":{"start":{"line":36,"column":24},"end":{"line":36,"column":42}},"14":{"start":{"line":39,"column":24},"end":{"line":39,"column":47}},"15":{"start":{"line":40,"column":24},"end":{"line":52,"column":25}},"16":{"start":{"line":42,"column":28},"end":{"line":42,"column":57}},"17":{"start":{"line":44,"column":29},"end":{"line":52,"column":25}},"18":{"start":{"line":45,"column":28},"end":{"line":45,"column":65}},"19":{"start":{"line":47,"column":29},"end":{"line":52,"column":25}},"20":{"start":{"line":48,"column":28},"end":{"line":48,"column":60}},"21":{"start":{"line":51,"column":28},"end":{"line":51,"column":63}},"22":{"start":{"line":57,"column":4},"end":{"line":82,"column":6}},"23":{"start":{"line":66,"column":46},"end":{"line":66,"column":107}},"24":{"start":{"line":66,"column":71},"end":{"line":66,"column":105}},"25":{"start":{"line":69,"column":46},"end":{"line":69,"column":111}},"26":{"start":{"line":69,"column":71},"end":{"line":69,"column":109}},"27":{"start":{"line":72,"column":46},"end":{"line":72,"column":109}},"28":{"start":{"line":72,"column":71},"end":{"line":72,"column":107}}},"fnMap":{"0":{"name":"CreateRent","decl":{"start":{"line":7,"column":24},"end":{"line":7,"column":34}},"loc":{"start":{"line":7,"column":37},"end":{"line":83,"column":1}},"line":7},"1":{"name":"(anonymous_1)","decl":{"start":{"line":16,"column":23},"end":{"line":16,"column":24}},"loc":{"start":{"line":16,"column":32},"end":{"line":55,"column":5}},"line":16},"2":{"name":"(anonymous_2)","decl":{"start":{"line":26,"column":18},"end":{"line":26,"column":19}},"loc":{"start":{"line":26,"column":28},"end":{"line":54,"column":13}},"line":26},"3":{"name":"(anonymous_3)","decl":{"start":{"line":34,"column":26},"end":{"line":34,"column":27}},"loc":{"start":{"line":34,"column":32},"end":{"line":37,"column":21}},"line":34},"4":{"name":"(anonymous_4)","decl":{"start":{"line":38,"column":27},"end":{"line":38,"column":28}},"loc":{"start":{"line":38,"column":36},"end":{"line":53,"column":21}},"line":38},"5":{"name":"(anonymous_5)","decl":{"start":{"line":66,"column":39},"end":{"line":66,"column":40}},"loc":{"start":{"line":66,"column":46},"end":{"line":66,"column":107}},"line":66},"6":{"name":"(anonymous_6)","decl":{"start":{"line":66,"column":60},"end":{"line":66,"column":61}},"loc":{"start":{"line":66,"column":71},"end":{"line":66,"column":105}},"line":66},"7":{"name":"(anonymous_7)","decl":{"start":{"line":69,"column":39},"end":{"line":69,"column":40}},"loc":{"start":{"line":69,"column":46},"end":{"line":69,"column":111}},"line":69},"8":{"name":"(anonymous_8)","decl":{"start":{"line":69,"column":60},"end":{"line":69,"column":61}},"loc":{"start":{"line":69,"column":71},"end":{"line":69,"column":109}},"line":69},"9":{"name":"(anonymous_9)","decl":{"start":{"line":72,"column":39},"end":{"line":72,"column":40}},"loc":{"start":{"line":72,"column":46},"end":{"line":72,"column":109}},"line":72},"10":{"name":"(anonymous_10)","decl":{"start":{"line":72,"column":60},"end":{"line":72,"column":61}},"loc":{"start":{"line":72,"column":71},"end":{"line":72,"column":107}},"line":72}},"branchMap":{"0":{"loc":{"start":{"line":9,"column":8},"end":{"line":9,"column":65}},"type":"binary-expr","locations":[{"start":{"line":9,"column":8},"end":{"line":9,"column":59}},{"start":{"line":9,"column":63},"end":{"line":9,"column":65}}],"line":9},"1":{"loc":{"start":{"line":40,"column":24},"end":{"line":52,"column":25}},"type":"if","locations":[{"start":{"line":40,"column":24},"end":{"line":52,"column":25}},{"start":{"line":40,"column":24},"end":{"line":52,"column":25}}],"line":40},"2":{"loc":{"start":{"line":40,"column":27},"end":{"line":41,"column":62}},"type":"binary-expr","locations":[{"start":{"line":40,"column":27},"end":{"line":40,"column":56}},{"start":{"line":40,"column":60},"end":{"line":40,"column":93}},{"start":{"line":41,"column":31},"end":{"line":41,"column":62}}],"line":40},"3":{"loc":{"start":{"line":44,"column":29},"end":{"line":52,"column":25}},"type":"if","locations":[{"start":{"line":44,"column":29},"end":{"line":52,"column":25}},{"start":{"line":44,"column":29},"end":{"line":52,"column":25}}],"line":44},"4":{"loc":{"start":{"line":47,"column":29},"end":{"line":52,"column":25}},"type":"if","locations":[{"start":{"line":47,"column":29},"end":{"line":52,"column":25}},{"start":{"line":47,"column":29},"end":{"line":52,"column":25}}],"line":47},"5":{"loc":{"start":{"line":47,"column":32},"end":{"line":47,"column":104}},"type":"binary-expr","locations":[{"start":{"line":47,"column":32},"end":{"line":47,"column":67}},{"start":{"line":47,"column":71},"end":{"line":47,"column":104}}],"line":47}},"s":{"0":0,"1":0,"2":0,"3":0,"4":0,"5":0,"6":0,"7":0,"8":0,"9":0,"10":0,"11":0,"12":0,"13":0,"14":0,"15":0,"16":0,"17":0,"18":0,"19":0,"20":0,"21":0,"22":0,"23":0,"24":0,"25":0,"26":0,"27":0,"28":0},"f":{"0":0,"1":0,"2":0,"3":0,"4":0,"5":0,"6":0,"7":0,"8":0,"9":0,"10":0},"b":{"0":[0,0],"1":[0,0],"2":[0,0,0],"3":[0,0],"4":[0,0],"5":[0,0]},"_coverageSchema":"332fd63041d2c1bcb487cc26dd0d5f7d97098a6c","hash":"c030ccfc6fd3f56fe9d1aeb552f508e1aeb3c55e"}
,"C:\\Users\\mc1gr\\OneDrive\\Рабочий стол\\frontend\\src\\routes\\delete_car.js": {"path":"C:\\Users\\mc1gr\\OneDrive\\Рабочий стол\\frontend\\src\\routes\\delete_car.js","statementMap":{"0":{"start":{"line":8,"column":26},"end":{"line":8,"column":38}},"1":{"start":{"line":10,"column":28},"end":{"line":12,"column":5}},"2":{"start":{"line":13,"column":21},"end":{"line":13,"column":34}},"3":{"start":{"line":14,"column":23},"end":{"line":38,"column":5}},"4":{"start":{"line":15,"column":8},"end":{"line":15,"column":29}},"5":{"start":{"line":16,"column":27},"end":{"line":16,"column":64}},"6":{"start":{"line":17,"column":22},"end":{"line":17,"column":63}},"7":{"start":{"line":18,"column":8},"end":{"line":37,"column":15}},"8":{"start":{"line":24,"column":16},"end":{"line":24,"column":41}},"9":{"start":{"line":25,"column":16},"end":{"line":25,"column":34}},"10":{"start":{"line":28,"column":16},"end":{"line":36,"column":17}},"11":{"start":{"line":29,"column":20},"end":{"line":29,"column":55}},"12":{"start":{"line":31,"column":21},"end":{"line":36,"column":17}},"13":{"start":{"line":32,"column":20},"end":{"line":32,"column":57}},"14":{"start":{"line":35,"column":20},"end":{"line":35,"column":51}},"15":{"start":{"line":40,"column":4},"end":{"line":59,"column":6}},"16":{"start":{"line":49,"column":46},"end":{"line":49,"column":97}},"17":{"start":{"line":49,"column":64},"end":{"line":49,"column":95}}},"fnMap":{"0":{"name":"DeleteCar","decl":{"start":{"line":7,"column":24},"end":{"line":7,"column":33}},"loc":{"start":{"line":7,"column":36},"end":{"line":60,"column":1}},"line":7},"1":{"name":"(anonymous_1)","decl":{"start":{"line":14,"column":23},"end":{"line":14,"column":24}},"loc":{"start":{"line":14,"column":32},"end":{"line":38,"column":5}},"line":14},"2":{"name":"(anonymous_2)","decl":{"start":{"line":23,"column":18},"end":{"line":23,"column":19}},"loc":{"start":{"line":23,"column":24},"end":{"line":26,"column":13}},"line":23},"3":{"name":"(anonymous_3)","decl":{"start":{"line":27,"column":19},"end":{"line":27,"column":20}},"loc":{"start":{"line":27,"column":28},"end":{"line":37,"column":13}},"line":27},"4":{"name":"(anonymous_4)","decl":{"start":{"line":49,"column":39},"end":{"line":49,"column":40}},"loc":{"start":{"line":49,"column":46},"end":{"line":49,"column":97}},"line":49},"5":{"name":"(anonymous_5)","decl":{"start":{"line":49,"column":53},"end":{"line":49,"column":54}},"loc":{"start":{"line":49,"column":64},"end":{"line":49,"column":95}},"line":49}},"branchMap":{"0":{"loc":{"start":{"line":11,"column":8},"end":{"line":11,"column":65}},"type":"binary-expr","locations":[{"start":{"line":11,"column":8},"end":{"line":11,"column":59}},{"start":{"line":11,"column":63},"end":{"line":11,"column":65}}],"line":11},"1":{"loc":{"start":{"line":28,"column":16},"end":{"line":36,"column":17}},"type":"if","locations":[{"start":{"line":28,"column":16},"end":{"line":36,"column":17}},{"start":{"line":28,"column":16},"end":{"line":36,"column":17}}],"line":28},"2":{"loc":{"start":{"line":31,"column":21},"end":{"line":36,"column":17}},"type":"if","locations":[{"start":{"line":31,"column":21},"end":{"line":36,"column":17}},{"start":{"line":31,"column":21},"end":{"line":36,"column":17}}],"line":31}},"s":{"0":0,"1":0,"2":0,"3":0,"4":0,"5":0,"6":0,"7":0,"8":0,"9":0,"10":0,"11":0,"12":0,"13":0,"14":0,"15":0,"16":0,"17":0},"f":{"0":0,"1":0,"2":0,"3":0,"4":0,"5":0},"b":{"0":[0,0],"1":[0,0],"2":[0,0]},"_coverageSchema":"332fd63041d2c1bcb487cc26dd0d5f7d97098a6c","hash":"2e7c254a0ad681648f4f2bbe7edcf6479d0244b5"}
,"C:\\Users\\mc1gr\\OneDrive\\Рабочий стол\\frontend\\src\\routes\\home.js": {"path":"C:\\Users\\mc1gr\\OneDrive\\Рабочий стол\\frontend\\src\\routes\\home.js","statementMap":{"0":{"start":{"line":6,"column":28},"end":{"line":8,"column":5}},"1":{"start":{"line":9,"column":21},"end":{"line":9,"column":34}},"2":{"start":{"line":10,"column":22},"end":{"line":17,"column":5}},"3":{"start":{"line":11,"column":8},"end":{"line":16,"column":9}},"4":{"start":{"line":12,"column":12},"end":{"line":12,"column":64}},"5":{"start":{"line":15,"column":12},"end":{"line":15,"column":31}},"6":{"start":{"line":18,"column":4},"end":{"line":41,"column":6}}},"fnMap":{"0":{"name":"Home","decl":{"start":{"line":5,"column":24},"end":{"line":5,"column":28}},"loc":{"start":{"line":5,"column":31},"end":{"line":42,"column":1}},"line":5},"1":{"name":"(anonymous_1)","decl":{"start":{"line":10,"column":22},"end":{"line":10,"column":23}},"loc":{"start":{"line":10,"column":27},"end":{"line":17,"column":5}},"line":10}},"branchMap":{"0":{"loc":{"start":{"line":7,"column":8},"end":{"line":7,"column":65}},"type":"binary-expr","locations":[{"start":{"line":7,"column":8},"end":{"line":7,"column":59}},{"start":{"line":7,"column":63},"end":{"line":7,"column":65}}],"line":7},"1":{"loc":{"start":{"line":11,"column":8},"end":{"line":16,"column":9}},"type":"if","locations":[{"start":{"line":11,"column":8},"end":{"line":16,"column":9}},{"start":{"line":11,"column":8},"end":{"line":16,"column":9}}],"line":11}},"s":{"0":1,"1":1,"2":1,"3":0,"4":0,"5":0,"6":1},"f":{"0":1,"1":0},"b":{"0":[1,1],"1":[0,0]},"_coverageSchema":"332fd63041d2c1bcb487cc26dd0d5f7d97098a6c","hash":"a3ff6f1488bf1c0b06f2d4edeca814d8a3a8713b"}
,"C:\\Users\\mc1gr\\OneDrive\\Рабочий стол\\frontend\\src\\routes\\login.js": {"path":"C:\\Users\\mc1gr\\OneDrive\\Рабочий стол\\frontend\\src\\routes\\login.js","statementMap":{"0":{"start":{"line":7,"column":34},"end":{"line":9,"column":5}},"1":{"start":{"line":10,"column":21},"end":{"line":10,"column":34}},"2":{"start":{"line":11,"column":25},"end":{"line":28,"column":5}},"3":{"start":{"line":12,"column":8},"end":{"line":12,"column":29}},"4":{"start":{"line":13,"column":27},"end":{"line":13,"column":56}},"5":{"start":{"line":14,"column":8},"end":{"line":27,"column":15}},"6":{"start":{"line":16,"column":16},"end":{"line":16,"column":73}},"7":{"start":{"line":17,"column":16},"end":{"line":17,"column":45}},"8":{"start":{"line":18,"column":16},"end":{"line":18,"column":34}},"9":{"start":{"line":21,"column":16},"end":{"line":26,"column":17}},"10":{"start":{"line":22,"column":20},"end":{"line":22,"column":48}},"11":{"start":{"line":25,"column":20},"end":{"line":25,"column":56}},"12":{"start":{"line":30,"column":4},"end":{"line":53,"column":6}},"13":{"start":{"line":39,"column":50},"end":{"line":39,"column":110}},"14":{"start":{"line":39,"column":72},"end":{"line":39,"column":108}},"15":{"start":{"line":42,"column":50},"end":{"line":42,"column":110}},"16":{"start":{"line":42,"column":72},"end":{"line":42,"column":108}}},"fnMap":{"0":{"name":"Login","decl":{"start":{"line":6,"column":24},"end":{"line":6,"column":29}},"loc":{"start":{"line":6,"column":32},"end":{"line":54,"column":1}},"line":6},"1":{"name":"(anonymous_1)","decl":{"start":{"line":11,"column":25},"end":{"line":11,"column":26}},"loc":{"start":{"line":11,"column":34},"end":{"line":28,"column":5}},"line":11},"2":{"name":"(anonymous_2)","decl":{"start":{"line":15,"column":18},"end":{"line":15,"column":19}},"loc":{"start":{"line":15,"column":27},"end":{"line":19,"column":13}},"line":15},"3":{"name":"(anonymous_3)","decl":{"start":{"line":20,"column":19},"end":{"line":20,"column":20}},"loc":{"start":{"line":20,"column":28},"end":{"line":27,"column":13}},"line":20},"4":{"name":"(anonymous_4)","decl":{"start":{"line":39,"column":43},"end":{"line":39,"column":44}},"loc":{"start":{"line":39,"column":50},"end":{"line":39,"column":110}},"line":39},"5":{"name":"(anonymous_5)","decl":{"start":{"line":39,"column":61},"end":{"line":39,"column":62}},"loc":{"start":{"line":39,"column":72},"end":{"line":39,"column":108}},"line":39},"6":{"name":"(anonymous_6)","decl":{"start":{"line":42,"column":43},"end":{"line":42,"column":44}},"loc":{"start":{"line":42,"column":50},"end":{"line":42,"column":110}},"line":42},"7":{"name":"(anonymous_7)","decl":{"start":{"line":42,"column":61},"end":{"line":42,"column":62}},"loc":{"start":{"line":42,"column":72},"end":{"line":42,"column":108}},"line":42}},"branchMap":{"0":{"loc":{"start":{"line":8,"column":8},"end":{"line":8,"column":65}},"type":"binary-expr","locations":[{"start":{"line":8,"column":8},"end":{"line":8,"column":59}},{"start":{"line":8,"column":63},"end":{"line":8,"column":65}}],"line":8},"1":{"loc":{"start":{"line":21,"column":16},"end":{"line":26,"column":17}},"type":"if","locations":[{"start":{"line":21,"column":16},"end":{"line":26,"column":17}},{"start":{"line":21,"column":16},"end":{"line":26,"column":17}}],"line":21},"2":{"loc":{"start":{"line":21,"column":19},"end":{"line":21,"column":81}},"type":"binary-expr","locations":[{"start":{"line":21,"column":19},"end":{"line":21,"column":48}},{"start":{"line":21,"column":52},"end":{"line":21,"column":81}}],"line":21}},"s":{"0":8,"1":6,"2":6,"3":1,"4":1,"5":1,"6":0,"7":0,"8":0,"9":0,"10":0,"11":0,"12":6,"13":1,"14":1,"15":1,"16":1},"f":{"0":8,"1":1,"2":0,"3":0,"4":1,"5":1,"6":1,"7":1},"b":{"0":[8,8],"1":[0,0],"2":[0,0]},"_coverageSchema":"332fd63041d2c1bcb487cc26dd0d5f7d97098a6c","hash":"7c207f0d70bf61d2e019079fae2178987c3b0108"}
,"C:\\Users\\mc1gr\\OneDrive\\Рабочий стол\\frontend\\src\\routes\\loginroute.js": {"path":"C:\\Users\\mc1gr\\OneDrive\\Рабочий стол\\frontend\\src\\routes\\loginroute.js","statementMap":{"0":{"start":{"line":5,"column":24},"end":{"line":5,"column":75}},"1":{"start":{"line":6,"column":4},"end":{"line":6,"column":51}}},"fnMap":{"0":{"name":"LoginRoute","decl":{"start":{"line":4,"column":24},"end":{"line":4,"column":34}},"loc":{"start":{"line":4,"column":61},"end":{"line":7,"column":1}},"line":4}},"branchMap":{"0":{"loc":{"start":{"line":6,"column":11},"end":{"line":6,"column":50}},"type":"cond-expr","locations":[{"start":{"line":6,"column":25},"end":{"line":6,"column":38}},{"start":{"line":6,"column":41},"end":{"line":6,"column":50}}],"line":6}},"s":{"0":1,"1":1},"f":{"0":1},"b":{"0":[0,1]},"_coverageSchema":"332fd63041d2c1bcb487cc26dd0d5f7d97098a6c","hash":"c37c6d85c0a8b96fe19fca2618b05186a03d744c"}
,"C:\\Users\\mc1gr\\OneDrive\\Рабочий стол\\frontend\\src\\routes\\profile.js": {"path":"C:\\Users\\mc1gr\\OneDrive\\Рабочий стол\\frontend\\src\\routes\\profile.js","statementMap":{"0":{"start":{"line":6,"column":8},"end":{"line":15,"column":9}}},"fnMap":{"0":{"name":"(anonymous_0)","decl":{"start":{"line":5,"column":4},"end":{"line":5,"column":5}},"loc":{"start":{"line":5,"column":12},"end":{"line":16,"column":5}},"line":5}},"branchMap":{},"s":{"0":1},"f":{"0":1},"b":{},"_coverageSchema":"332fd63041d2c1bcb487cc26dd0d5f7d97098a6c","hash":"a8356b89556e83bf330d5ae5657afcdc397859eb"}
,"C:\\Users\\mc1gr\\OneDrive\\Рабочий стол\\frontend\\src\\routes\\registration.js": {"path":"C:\\Users\\mc1gr\\OneDrive\\Рабочий стол\\frontend\\src\\routes\\registration.js","statementMap":{"0":{"start":{"line":7,"column":34},"end":{"line":7,"column":46}},"1":{"start":{"line":8,"column":21},"end":{"line":8,"column":34}},"2":{"start":{"line":9,"column":25},"end":{"line":28,"column":5}},"3":{"start":{"line":10,"column":8},"end":{"line":10,"column":29}},"4":{"start":{"line":11,"column":27},"end":{"line":11,"column":55}},"5":{"start":{"line":12,"column":25},"end":{"line":12,"column":39}},"6":{"start":{"line":13,"column":12},"end":{"line":27,"column":19}},"7":{"start":{"line":15,"column":20},"end":{"line":15,"column":50}},"8":{"start":{"line":16,"column":20},"end":{"line":16,"column":38}},"9":{"start":{"line":19,"column":20},"end":{"line":26,"column":21}},"10":{"start":{"line":22,"column":24},"end":{"line":22,"column":52}},"11":{"start":{"line":25,"column":24},"end":{"line":25,"column":74}},"12":{"start":{"line":30,"column":4},"end":{"line":65,"column":6}},"13":{"start":{"line":39,"column":46},"end":{"line":39,"column":106}},"14":{"start":{"line":39,"column":68},"end":{"line":39,"column":104}},"15":{"start":{"line":42,"column":46},"end":{"line":42,"column":106}},"16":{"start":{"line":42,"column":68},"end":{"line":42,"column":104}},"17":{"start":{"line":45,"column":46},"end":{"line":45,"column":107}},"18":{"start":{"line":45,"column":68},"end":{"line":45,"column":105}},"19":{"start":{"line":48,"column":46},"end":{"line":48,"column":106}},"20":{"start":{"line":48,"column":68},"end":{"line":48,"column":104}},"21":{"start":{"line":51,"column":46},"end":{"line":51,"column":103}},"22":{"start":{"line":51,"column":68},"end":{"line":51,"column":101}},"23":{"start":{"line":54,"column":46},"end":{"line":54,"column":103}},"24":{"start":{"line":54,"column":68},"end":{"line":54,"column":101}}},"fnMap":{"0":{"name":"Registration","decl":{"start":{"line":6,"column":24},"end":{"line":6,"column":36}},"loc":{"start":{"line":6,"column":39},"end":{"line":66,"column":1}},"line":6},"1":{"name":"(anonymous_1)","decl":{"start":{"line":9,"column":25},"end":{"line":9,"column":26}},"loc":{"start":{"line":9,"column":34},"end":{"line":28,"column":5}},"line":9},"2":{"name":"(anonymous_2)","decl":{"start":{"line":14,"column":22},"end":{"line":14,"column":23}},"loc":{"start":{"line":14,"column":28},"end":{"line":17,"column":17}},"line":14},"3":{"name":"(anonymous_3)","decl":{"start":{"line":18,"column":23},"end":{"line":18,"column":24}},"loc":{"start":{"line":18,"column":32},"end":{"line":27,"column":17}},"line":18},"4":{"name":"(anonymous_4)","decl":{"start":{"line":39,"column":39},"end":{"line":39,"column":40}},"loc":{"start":{"line":39,"column":46},"end":{"line":39,"column":106}},"line":39},"5":{"name":"(anonymous_5)","decl":{"start":{"line":39,"column":57},"end":{"line":39,"column":58}},"loc":{"start":{"line":39,"column":68},"end":{"line":39,"column":104}},"line":39},"6":{"name":"(anonymous_6)","decl":{"start":{"line":42,"column":39},"end":{"line":42,"column":40}},"loc":{"start":{"line":42,"column":46},"end":{"line":42,"column":106}},"line":42},"7":{"name":"(anonymous_7)","decl":{"start":{"line":42,"column":57},"end":{"line":42,"column":58}},"loc":{"start":{"line":42,"column":68},"end":{"line":42,"column":104}},"line":42},"8":{"name":"(anonymous_8)","decl":{"start":{"line":45,"column":39},"end":{"line":45,"column":40}},"loc":{"start":{"line":45,"column":46},"end":{"line":45,"column":107}},"line":45},"9":{"name":"(anonymous_9)","decl":{"start":{"line":45,"column":57},"end":{"line":45,"column":58}},"loc":{"start":{"line":45,"column":68},"end":{"line":45,"column":105}},"line":45},"10":{"name":"(anonymous_10)","decl":{"start":{"line":48,"column":39},"end":{"line":48,"column":40}},"loc":{"start":{"line":48,"column":46},"end":{"line":48,"column":106}},"line":48},"11":{"name":"(anonymous_11)","decl":{"start":{"line":48,"column":57},"end":{"line":48,"column":58}},"loc":{"start":{"line":48,"column":68},"end":{"line":48,"column":104}},"line":48},"12":{"name":"(anonymous_12)","decl":{"start":{"line":51,"column":39},"end":{"line":51,"column":40}},"loc":{"start":{"line":51,"column":46},"end":{"line":51,"column":103}},"line":51},"13":{"name":"(anonymous_13)","decl":{"start":{"line":51,"column":57},"end":{"line":51,"column":58}},"loc":{"start":{"line":51,"column":68},"end":{"line":51,"column":101}},"line":51},"14":{"name":"(anonymous_14)","decl":{"start":{"line":54,"column":39},"end":{"line":54,"column":40}},"loc":{"start":{"line":54,"column":46},"end":{"line":54,"column":103}},"line":54},"15":{"name":"(anonymous_15)","decl":{"start":{"line":54,"column":57},"end":{"line":54,"column":58}},"loc":{"start":{"line":54,"column":68},"end":{"line":54,"column":101}},"line":54}},"branchMap":{"0":{"loc":{"start":{"line":19,"column":20},"end":{"line":26,"column":21}},"type":"if","locations":[{"start":{"line":19,"column":20},"end":{"line":26,"column":21}},{"start":{"line":19,"column":20},"end":{"line":26,"column":21}}],"line":19},"1":{"loc":{"start":{"line":19,"column":23},"end":{"line":21,"column":88}},"type":"binary-expr","locations":[{"start":{"line":19,"column":23},"end":{"line":19,"column":52}},{"start":{"line":19,"column":56},"end":{"line":19,"column":85}},{"start":{"line":20,"column":26},"end":{"line":20,"column":55}},{"start":{"line":20,"column":59},"end":{"line":20,"column":88}},{"start":{"line":21,"column":26},"end":{"line":21,"column":55}},{"start":{"line":21,"column":59},"end":{"line":21,"column":88}}],"line":19}},"s":{"0":11,"1":10,"2":10,"3":1,"4":1,"5":1,"6":1,"7":0,"8":0,"9":0,"10":0,"11":0,"12":10,"13":0,"14":0,"15":1,"16":1,"17":1,"18":1,"19":1,"20":1,"21":1,"22":1,"23":0,"24":0},"f":{"0":11,"1":1,"2":0,"3":0,"4":0,"5":0,"6":1,"7":1,"8":1,"9":1,"10":1,"11":1,"12":1,"13":1,"14":0,"15":0},"b":{"0":[0,0],"1":[0,0,0,0,0,0]},"_coverageSchema":"332fd63041d2c1bcb487cc26dd0d5f7d97098a6c","hash":"488a300b94f07e55e0db47e6434acf89429c1b62"}
,"C:\\Users\\mc1gr\\OneDrive\\Рабочий стол\\frontend\\src\\routes\\rent.js": {"path":"C:\\Users\\mc1gr\\OneDrive\\Рабочий стол\\frontend\\src\\routes\\rent.js","statementMap":{"0":{"start":{"line":7,"column":30},"end":{"line":7,"column":42}},"1":{"start":{"line":9,"column":4},"end":{"line":15,"column":11}},"2":{"start":{"line":10,"column":27},"end":{"line":10,"column":55}},"3":{"start":{"line":11,"column":8},"end":{"line":14,"column":15}},"4":{"start":{"line":13,"column":16},"end":{"line":13,"column":36}},"5":{"start":{"line":17,"column":4},"end":{"line":50,"column":5}},"6":{"start":{"line":35,"column":32},"end":{"line":41,"column":37}}},"fnMap":{"0":{"name":"Rents","decl":{"start":{"line":6,"column":24},"end":{"line":6,"column":29}},"loc":{"start":{"line":6,"column":32},"end":{"line":51,"column":1}},"line":6},"1":{"name":"(anonymous_1)","decl":{"start":{"line":9,"column":14},"end":{"line":9,"column":15}},"loc":{"start":{"line":9,"column":20},"end":{"line":15,"column":5}},"line":9},"2":{"name":"(anonymous_2)","decl":{"start":{"line":12,"column":18},"end":{"line":12,"column":19}},"loc":{"start":{"line":12,"column":28},"end":{"line":14,"column":13}},"line":12},"3":{"name":"(anonymous_3)","decl":{"start":{"line":34,"column":38},"end":{"line":34,"column":39}},"loc":{"start":{"line":35,"column":32},"end":{"line":41,"column":37}},"line":35}},"branchMap":{},"s":{"0":2,"1":1,"2":1,"3":1,"4":0,"5":1,"6":0},"f":{"0":2,"1":1,"2":0,"3":0},"b":{},"_coverageSchema":"332fd63041d2c1bcb487cc26dd0d5f7d97098a6c","hash":"73fde016c1c7c56bdd36dad0608e81b889c7091d"}
,"C:\\Users\\mc1gr\\OneDrive\\Рабочий стол\\frontend\\src\\routes\\user.js": {"path":"C:\\Users\\mc1gr\\OneDrive\\Рабочий стол\\frontend\\src\\routes\\user.js","statementMap":{"0":{"start":{"line":8,"column":28},"end":{"line":10,"column":5}},"1":{"start":{"line":12,"column":36},"end":{"line":12,"column":48}},"2":{"start":{"line":14,"column":4},"end":{"line":20,"column":11}},"3":{"start":{"line":15,"column":27},"end":{"line":15,"column":72}},"4":{"start":{"line":16,"column":8},"end":{"line":19,"column":15}},"5":{"start":{"line":18,"column":16},"end":{"line":18,"column":30}},"6":{"start":{"line":23,"column":34},"end":{"line":25,"column":5}},"7":{"start":{"line":27,"column":21},"end":{"line":27,"column":34}},"8":{"start":{"line":29,"column":21},"end":{"line":45,"column":5}},"9":{"start":{"line":30,"column":8},"end":{"line":30,"column":27}},"10":{"start":{"line":31,"column":27},"end":{"line":31,"column":72}},"11":{"start":{"line":32,"column":22},"end":{"line":32,"column":63}},"12":{"start":{"line":33,"column":8},"end":{"line":44,"column":15}},"13":{"start":{"line":39,"column":16},"end":{"line":39,"column":87}},"14":{"start":{"line":40,"column":16},"end":{"line":40,"column":39}},"15":{"start":{"line":43,"column":16},"end":{"line":43,"column":41}},"16":{"start":{"line":47,"column":19},"end":{"line":60,"column":5}},"17":{"start":{"line":48,"column":8},"end":{"line":48,"column":29}},"18":{"start":{"line":49,"column":8},"end":{"line":56,"column":11}},"19":{"start":{"line":57,"column":8},"end":{"line":57,"column":37}},"20":{"start":{"line":58,"column":8},"end":{"line":58,"column":36}},"21":{"start":{"line":59,"column":8},"end":{"line":59,"column":27}},"22":{"start":{"line":62,"column":23},"end":{"line":88,"column":5}},"23":{"start":{"line":63,"column":8},"end":{"line":63,"column":29}},"24":{"start":{"line":64,"column":8},"end":{"line":71,"column":11}},"25":{"start":{"line":72,"column":27},"end":{"line":72,"column":78}},"26":{"start":{"line":73,"column":22},"end":{"line":73,"column":75}},"27":{"start":{"line":74,"column":8},"end":{"line":86,"column":15}},"28":{"start":{"line":80,"column":16},"end":{"line":80,"column":79}},"29":{"start":{"line":81,"column":16},"end":{"line":81,"column":50}},"30":{"start":{"line":82,"column":16},"end":{"line":82,"column":44}},"31":{"start":{"line":85,"column":16},"end":{"line":85,"column":41}},"32":{"start":{"line":87,"column":8},"end":{"line":87,"column":27}},"33":{"start":{"line":90,"column":4},"end":{"line":133,"column":5}},"34":{"start":{"line":111,"column":41},"end":{"line":111,"column":99}},"35":{"start":{"line":111,"column":60},"end":{"line":111,"column":97}},"36":{"start":{"line":114,"column":41},"end":{"line":114,"column":96}},"37":{"start":{"line":114,"column":60},"end":{"line":114,"column":94}},"38":{"start":{"line":119,"column":41},"end":{"line":119,"column":100}},"39":{"start":{"line":119,"column":60},"end":{"line":119,"column":98}},"40":{"start":{"line":122,"column":41},"end":{"line":122,"column":99}},"41":{"start":{"line":122,"column":60},"end":{"line":122,"column":97}},"42":{"start":{"line":125,"column":41},"end":{"line":125,"column":96}},"43":{"start":{"line":125,"column":60},"end":{"line":125,"column":94}}},"fnMap":{"0":{"name":"User","decl":{"start":{"line":7,"column":24},"end":{"line":7,"column":28}},"loc":{"start":{"line":7,"column":30},"end":{"line":134,"column":1}},"line":7},"1":{"name":"(anonymous_1)","decl":{"start":{"line":14,"column":14},"end":{"line":14,"column":15}},"loc":{"start":{"line":14,"column":20},"end":{"line":20,"column":5}},"line":14},"2":{"name":"(anonymous_2)","decl":{"start":{"line":17,"column":18},"end":{"line":17,"column":19}},"loc":{"start":{"line":17,"column":28},"end":{"line":19,"column":13}},"line":17},"3":{"name":"(anonymous_3)","decl":{"start":{"line":29,"column":21},"end":{"line":29,"column":22}},"loc":{"start":{"line":29,"column":28},"end":{"line":45,"column":5}},"line":29},"4":{"name":"(anonymous_4)","decl":{"start":{"line":38,"column":18},"end":{"line":38,"column":19}},"loc":{"start":{"line":38,"column":24},"end":{"line":41,"column":13}},"line":38},"5":{"name":"(anonymous_5)","decl":{"start":{"line":42,"column":19},"end":{"line":42,"column":20}},"loc":{"start":{"line":42,"column":28},"end":{"line":44,"column":13}},"line":42},"6":{"name":"(anonymous_6)","decl":{"start":{"line":47,"column":19},"end":{"line":47,"column":20}},"loc":{"start":{"line":47,"column":28},"end":{"line":60,"column":5}},"line":47},"7":{"name":"(anonymous_7)","decl":{"start":{"line":62,"column":23},"end":{"line":62,"column":24}},"loc":{"start":{"line":62,"column":32},"end":{"line":88,"column":5}},"line":62},"8":{"name":"(anonymous_8)","decl":{"start":{"line":79,"column":18},"end":{"line":79,"column":19}},"loc":{"start":{"line":79,"column":24},"end":{"line":83,"column":13}},"line":79},"9":{"name":"(anonymous_9)","decl":{"start":{"line":84,"column":19},"end":{"line":84,"column":20}},"loc":{"start":{"line":84,"column":28},"end":{"line":86,"column":13}},"line":84},"10":{"name":"(anonymous_10)","decl":{"start":{"line":111,"column":34},"end":{"line":111,"column":35}},"loc":{"start":{"line":111,"column":41},"end":{"line":111,"column":99}},"line":111},"11":{"name":"(anonymous_11)","decl":{"start":{"line":111,"column":49},"end":{"line":111,"column":50}},"loc":{"start":{"line":111,"column":60},"end":{"line":111,"column":97}},"line":111},"12":{"name":"(anonymous_12)","decl":{"start":{"line":114,"column":34},"end":{"line":114,"column":35}},"loc":{"start":{"line":114,"column":41},"end":{"line":114,"column":96}},"line":114},"13":{"name":"(anonymous_13)","decl":{"start":{"line":114,"column":49},"end":{"line":114,"column":50}},"loc":{"start":{"line":114,"column":60},"end":{"line":114,"column":94}},"line":114},"14":{"name":"(anonymous_14)","decl":{"start":{"line":119,"column":34},"end":{"line":119,"column":35}},"loc":{"start":{"line":119,"column":41},"end":{"line":119,"column":100}},"line":119},"15":{"name":"(anonymous_15)","decl":{"start":{"line":119,"column":49},"end":{"line":119,"column":50}},"loc":{"start":{"line":119,"column":60},"end":{"line":119,"column":98}},"line":119},"16":{"name":"(anonymous_16)","decl":{"start":{"line":122,"column":34},"end":{"line":122,"column":35}},"loc":{"start":{"line":122,"column":41},"end":{"line":122,"column":99}},"line":122},"17":{"name":"(anonymous_17)","decl":{"start":{"line":122,"column":49},"end":{"line":122,"column":50}},"loc":{"start":{"line":122,"column":60},"end":{"line":122,"column":97}},"line":122},"18":{"name":"(anonymous_18)","decl":{"start":{"line":125,"column":34},"end":{"line":125,"column":35}},"loc":{"start":{"line":125,"column":41},"end":{"line":125,"column":96}},"line":125},"19":{"name":"(anonymous_19)","decl":{"start":{"line":125,"column":49},"end":{"line":125,"column":50}},"loc":{"start":{"line":125,"column":60},"end":{"line":125,"column":94}},"line":125}},"branchMap":{"0":{"loc":{"start":{"line":9,"column":8},"end":{"line":9,"column":65}},"type":"binary-expr","locations":[{"start":{"line":9,"column":8},"end":{"line":9,"column":59}},{"start":{"line":9,"column":63},"end":{"line":9,"column":65}}],"line":9},"1":{"loc":{"start":{"line":24,"column":8},"end":{"line":24,"column":72}},"type":"binary-expr","locations":[{"start":{"line":24,"column":8},"end":{"line":24,"column":66}},{"start":{"line":24,"column":70},"end":{"line":24,"column":72}}],"line":24}},"s":{"0":0,"1":0,"2":0,"3":0,"4":0,"5":0,"6":0,"7":0,"8":0,"9":0,"10":0,"11":0,"12":0,"13":0,"14":0,"15":0,"16":0,"17":0,"18":0,"19":0,"20":0,"21":0,"22":0,"23":0,"24":0,"25":0,"26":0,"27":0,"28":0,"29":0,"30":0,"31":0,"32":0,"33":0,"34":0,"35":0,"36":0,"37":0,"38":0,"39":0,"40":0,"41":0,"42":0,"43":0},"f":{"0":0,"1":0,"2":0,"3":0,"4":0,"5":0,"6":0,"7":0,"8":0,"9":0,"10":0,"11":0,"12":0,"13":0,"14":0,"15":0,"16":0,"17":0,"18":0,"19":0},"b":{"0":[0,0],"1":[0,0]},"_coverageSchema":"332fd63041d2c1bcb487cc26dd0d5f7d97098a6c","hash":"c2cc6df6c5ee8c48594aa24531a00370a6cb3331"}
,"C:\\Users\\mc1gr\\OneDrive\\Рабочий стол\\frontend\\src\\routes\\users.js": {"path":"C:\\Users\\mc1gr\\OneDrive\\Рабочий стол\\frontend\\src\\routes\\users.js","statementMap":{"0":{"start":{"line":7,"column":30},"end":{"line":7,"column":42}},"1":{"start":{"line":9,"column":4},"end":{"line":15,"column":11}},"2":{"start":{"line":10,"column":27},"end":{"line":10,"column":55}},"3":{"start":{"line":11,"column":8},"end":{"line":14,"column":15}},"4":{"start":{"line":13,"column":16},"end":{"line":13,"column":36}},"5":{"start":{"line":17,"column":4},"end":{"line":52,"column":5}},"6":{"start":{"line":36,"column":32},"end":{"line":43,"column":37}}},"fnMap":{"0":{"name":"Users","decl":{"start":{"line":6,"column":24},"end":{"line":6,"column":29}},"loc":{"start":{"line":6,"column":32},"end":{"line":53,"column":1}},"line":6},"1":{"name":"(anonymous_1)","decl":{"start":{"line":9,"column":14},"end":{"line":9,"column":15}},"loc":{"start":{"line":9,"column":20},"end":{"line":15,"column":5}},"line":9},"2":{"name":"(anonymous_2)","decl":{"start":{"line":12,"column":18},"end":{"line":12,"column":19}},"loc":{"start":{"line":12,"column":28},"end":{"line":14,"column":13}},"line":12},"3":{"name":"(anonymous_3)","decl":{"start":{"line":35,"column":38},"end":{"line":35,"column":39}},"loc":{"start":{"line":36,"column":32},"end":{"line":43,"column":37}},"line":36}},"branchMap":{},"s":{"0":2,"1":1,"2":1,"3":1,"4":0,"5":1,"6":0},"f":{"0":2,"1":1,"2":0,"3":0},"b":{},"_coverageSchema":"332fd63041d2c1bcb487cc26dd0d5f7d97098a6c","hash":"6a03fd3542bf709529214dc868a3f0f927e55041"}
}
