TN:
SF:C:\Users\mc1gr\OneDrive\Рабочий стол\frontend\src\App.js
FN:16,App
FNF:1
FNH:1
FNDA:1,App
DA:17,1
LF:1
LH:1
BRF:0
BRH:0
end_of_record
TN:
SF:C:\Users\mc1gr\OneDrive\Рабочий стол\frontend\src\index.js
FNF:0
FNH:0
DA:1,0
DA:2,0
DA:3,0
DA:5,0
LF:4
LH:0
BRF:0
BRH:0
end_of_record
TN:
SF:C:\Users\mc1gr\OneDrive\Рабочий стол\frontend\src\routes\add_car.js
FN:6,AddCar
FN:15,(anonymous_1)
FN:25,(anonymous_2)
FN:33,(anonymous_3)
FN:37,(anonymous_4)
FN:52,(anonymous_5)
FN:52,(anonymous_6)
FN:55,(anonymous_7)
FN:55,(anonymous_8)
FN:58,(anonymous_9)
FN:58,(anonymous_10)
FNF:11
FNH:0
FNDA:0,AddCar
FNDA:0,(anonymous_1)
FNDA:0,(anonymous_2)
FNDA:0,(anonymous_3)
FNDA:0,(anonymous_4)
FNDA:0,(anonymous_5)
FNDA:0,(anonymous_6)
FNDA:0,(anonymous_7)
FNDA:0,(anonymous_8)
FNDA:0,(anonymous_9)
FNDA:0,(anonymous_10)
DA:7,0
DA:11,0
DA:13,0
DA:15,0
DA:16,0
DA:17,0
DA:18,0
DA:19,0
DA:20,0
DA:26,0
DA:27,0
DA:28,0
DA:34,0
DA:35,0
DA:38,0
DA:43,0
DA:52,0
DA:55,0
DA:58,0
LF:19
LH:0
BRDA:8,0,0,0
BRDA:8,0,1,0
BRF:2
BRH:0
end_of_record
TN:
SF:C:\Users\mc1gr\OneDrive\Рабочий стол\frontend\src\routes\cars.js
FN:6,Cars
FN:14,(anonymous_1)
FN:17,(anonymous_2)
FN:22,(anonymous_3)
FN:32,(anonymous_4)
FN:58,(anonymous_5)
FNF:6
FNH:2
FNDA:2,Cars
FNDA:1,(anonymous_1)
FNDA:0,(anonymous_2)
FNDA:0,(anonymous_3)
FNDA:0,(anonymous_4)
FNDA:0,(anonymous_5)
DA:7,2
DA:9,1
DA:13,1
DA:14,1
DA:15,1
DA:16,1
DA:18,0
DA:22,1
DA:23,0
DA:24,0
DA:28,0
DA:32,1
DA:33,0
DA:34,0
DA:38,0
DA:42,1
DA:59,0
LF:17
LH:9
BRDA:10,0,0,1
BRDA:10,0,1,1
BRDA:23,1,0,0
BRDA:23,1,1,0
BRDA:33,2,0,0
BRDA:33,2,1,0
BRF:6
BRH:2
end_of_record
TN:
SF:C:\Users\mc1gr\OneDrive\Рабочий стол\frontend\src\routes\create_rent.js
FN:7,CreateRent
FN:16,(anonymous_1)
FN:26,(anonymous_2)
FN:34,(anonymous_3)
FN:38,(anonymous_4)
FN:66,(anonymous_5)
FN:66,(anonymous_6)
FN:69,(anonymous_7)
FN:69,(anonymous_8)
FN:72,(anonymous_9)
FN:72,(anonymous_10)
FNF:11
FNH:0
FNDA:0,CreateRent
FNDA:0,(anonymous_1)
FNDA:0,(anonymous_2)
FNDA:0,(anonymous_3)
FNDA:0,(anonymous_4)
FNDA:0,(anonymous_5)
FNDA:0,(anonymous_6)
FNDA:0,(anonymous_7)
FNDA:0,(anonymous_8)
FNDA:0,(anonymous_9)
FNDA:0,(anonymous_10)
DA:8,0
DA:12,0
DA:14,0
DA:16,0
DA:17,0
DA:18,0
DA:19,0
DA:20,0
DA:21,0
DA:27,0
DA:28,0
DA:29,0
DA:35,0
DA:36,0
DA:39,0
DA:40,0
DA:42,0
DA:44,0
DA:45,0
DA:47,0
DA:48,0
DA:51,0
DA:57,0
DA:66,0
DA:69,0
DA:72,0
LF:26
LH:0
BRDA:9,0,0,0
BRDA:9,0,1,0
BRDA:40,1,0,0
BRDA:40,1,1,0
BRDA:40,2,0,0
BRDA:40,2,1,0
BRDA:40,2,2,0
BRDA:44,3,0,0
BRDA:44,3,1,0
BRDA:47,4,0,0
BRDA:47,4,1,0
BRDA:47,5,0,0
BRDA:47,5,1,0
BRF:13
BRH:0
end_of_record
TN:
SF:C:\Users\mc1gr\OneDrive\Рабочий стол\frontend\src\routes\delete_car.js
FN:7,DeleteCar
FN:14,(anonymous_1)
FN:23,(anonymous_2)
FN:27,(anonymous_3)
FN:49,(anonymous_4)
FN:49,(anonymous_5)
FNF:6
FNH:0
FNDA:0,DeleteCar
FNDA:0,(anonymous_1)
FNDA:0,(anonymous_2)
FNDA:0,(anonymous_3)
FNDA:0,(anonymous_4)
FNDA:0,(anonymous_5)
DA:8,0
DA:10,0
DA:13,0
DA:14,0
DA:15,0
DA:16,0
DA:17,0
DA:18,0
DA:24,0
DA:25,0
DA:28,0
DA:29,0
DA:31,0
DA:32,0
DA:35,0
DA:40,0
DA:49,0
LF:17
LH:0
BRDA:11,0,0,0
BRDA:11,0,1,0
BRDA:28,1,0,0
BRDA:28,1,1,0
BRDA:31,2,0,0
BRDA:31,2,1,0
BRF:6
BRH:0
end_of_record
TN:
SF:C:\Users\mc1gr\OneDrive\Рабочий стол\frontend\src\routes\home.js
FN:5,Home
FN:10,(anonymous_1)
FNF:2
FNH:1
FNDA:1,Home
FNDA:0,(anonymous_1)
DA:6,1
DA:9,1
DA:10,1
DA:11,0
DA:12,0
DA:15,0
DA:18,1
LF:7
LH:4
BRDA:7,0,0,1
BRDA:7,0,1,1
BRDA:11,1,0,0
BRDA:11,1,1,0
BRF:4
BRH:2
end_of_record
TN:
SF:C:\Users\mc1gr\OneDrive\Рабочий стол\frontend\src\routes\login.js
FN:6,Login
FN:11,(anonymous_1)
FN:15,(anonymous_2)
FN:20,(anonymous_3)
FN:39,(anonymous_4)
FN:39,(anonymous_5)
FN:42,(anonymous_6)
FN:42,(anonymous_7)
FNF:8
FNH:6
FNDA:8,Login
FNDA:1,(anonymous_1)
FNDA:0,(anonymous_2)
FNDA:0,(anonymous_3)
FNDA:1,(anonymous_4)
FNDA:1,(anonymous_5)
FNDA:1,(anonymous_6)
FNDA:1,(anonymous_7)
DA:7,8
DA:10,6
DA:11,6
DA:12,1
DA:13,1
DA:14,1
DA:16,0
DA:17,0
DA:18,0
DA:21,0
DA:22,0
DA:25,0
DA:30,6
DA:39,1
DA:42,1
LF:15
LH:9
BRDA:8,0,0,8
BRDA:8,0,1,8
BRDA:21,1,0,0
BRDA:21,1,1,0
BRDA:21,2,0,0
BRDA:21,2,1,0
BRF:6
BRH:2
end_of_record
TN:
SF:C:\Users\mc1gr\OneDrive\Рабочий стол\frontend\src\routes\loginroute.js
FN:4,LoginRoute
FNF:1
FNH:1
FNDA:1,LoginRoute
DA:5,1
DA:6,1
LF:2
LH:2
BRDA:6,0,0,0
BRDA:6,0,1,1
BRF:2
BRH:1
end_of_record
TN:
SF:C:\Users\mc1gr\OneDrive\Рабочий стол\frontend\src\routes\profile.js
FN:5,(anonymous_0)
FNF:1
FNH:1
FNDA:1,(anonymous_0)
DA:6,1
LF:1
LH:1
BRF:0
BRH:0
end_of_record
TN:
SF:C:\Users\mc1gr\OneDrive\Рабочий стол\frontend\src\routes\registration.js
FN:6,Registration
FN:9,(anonymous_1)
FN:14,(anonymous_2)
FN:18,(anonymous_3)
FN:39,(anonymous_4)
FN:39,(anonymous_5)
FN:42,(anonymous_6)
FN:42,(anonymous_7)
FN:45,(anonymous_8)
FN:45,(anonymous_9)
FN:48,(anonymous_10)
FN:48,(anonymous_11)
FN:51,(anonymous_12)
FN:51,(anonymous_13)
FN:54,(anonymous_14)
FN:54,(anonymous_15)
FNF:16
FNH:10
FNDA:11,Registration
FNDA:1,(anonymous_1)
FNDA:0,(anonymous_2)
FNDA:0,(anonymous_3)
FNDA:0,(anonymous_4)
FNDA:0,(anonymous_5)
FNDA:1,(anonymous_6)
FNDA:1,(anonymous_7)
FNDA:1,(anonymous_8)
FNDA:1,(anonymous_9)
FNDA:1,(anonymous_10)
FNDA:1,(anonymous_11)
FNDA:1,(anonymous_12)
FNDA:1,(anonymous_13)
FNDA:0,(anonymous_14)
FNDA:0,(anonymous_15)
DA:7,11
DA:8,10
DA:9,10
DA:10,1
DA:11,1
DA:12,1
DA:13,1
DA:15,0
DA:16,0
DA:19,0
DA:22,0
DA:25,0
DA:30,10
DA:39,0
DA:42,1
DA:45,1
DA:48,1
DA:51,1
DA:54,0
LF:19
LH:12
BRDA:19,0,0,0
BRDA:19,0,1,0
BRDA:19,1,0,0
BRDA:19,1,1,0
BRDA:19,1,2,0
BRDA:19,1,3,0
BRDA:19,1,4,0
BRDA:19,1,5,0
BRF:8
BRH:0
end_of_record
TN:
SF:C:\Users\mc1gr\OneDrive\Рабочий стол\frontend\src\routes\rent.js
FN:6,Rents
FN:9,(anonymous_1)
FN:12,(anonymous_2)
FN:34,(anonymous_3)
FNF:4
FNH:2
FNDA:2,Rents
FNDA:1,(anonymous_1)
FNDA:0,(anonymous_2)
FNDA:0,(anonymous_3)
DA:7,2
DA:9,1
DA:10,1
DA:11,1
DA:13,0
DA:17,1
DA:35,0
LF:7
LH:5
BRF:0
BRH:0
end_of_record
TN:
SF:C:\Users\mc1gr\OneDrive\Рабочий стол\frontend\src\routes\user.js
FN:7,User
FN:14,(anonymous_1)
FN:17,(anonymous_2)
FN:29,(anonymous_3)
FN:38,(anonymous_4)
FN:42,(anonymous_5)
FN:47,(anonymous_6)
FN:62,(anonymous_7)
FN:79,(anonymous_8)
FN:84,(anonymous_9)
FN:111,(anonymous_10)
FN:111,(anonymous_11)
FN:114,(anonymous_12)
FN:114,(anonymous_13)
FN:119,(anonymous_14)
FN:119,(anonymous_15)
FN:122,(anonymous_16)
FN:122,(anonymous_17)
FN:125,(anonymous_18)
FN:125,(anonymous_19)
FNF:20
FNH:0
FNDA:0,User
FNDA:0,(anonymous_1)
FNDA:0,(anonymous_2)
FNDA:0,(anonymous_3)
FNDA:0,(anonymous_4)
FNDA:0,(anonymous_5)
FNDA:0,(anonymous_6)
FNDA:0,(anonymous_7)
FNDA:0,(anonymous_8)
FNDA:0,(anonymous_9)
FNDA:0,(anonymous_10)
FNDA:0,(anonymous_11)
FNDA:0,(anonymous_12)
FNDA:0,(anonymous_13)
FNDA:0,(anonymous_14)
FNDA:0,(anonymous_15)
FNDA:0,(anonymous_16)
FNDA:0,(anonymous_17)
FNDA:0,(anonymous_18)
FNDA:0,(anonymous_19)
DA:8,0
DA:12,0
DA:14,0
DA:15,0
DA:16,0
DA:18,0
DA:23,0
DA:27,0
DA:29,0
DA:30,0
DA:31,0
DA:32,0
DA:33,0
DA:39,0
DA:40,0
DA:43,0
DA:47,0
DA:48,0
DA:49,0
DA:57,0
DA:58,0
DA:59,0
DA:62,0
DA:63,0
DA:64,0
DA:72,0
DA:73,0
DA:74,0
DA:80,0
DA:81,0
DA:82,0
DA:85,0
DA:87,0
DA:90,0
DA:111,0
DA:114,0
DA:119,0
DA:122,0
DA:125,0
LF:39
LH:0
BRDA:9,0,0,0
BRDA:9,0,1,0
BRDA:24,1,0,0
BRDA:24,1,1,0
BRF:4
BRH:0
end_of_record
TN:
SF:C:\Users\mc1gr\OneDrive\Рабочий стол\frontend\src\routes\users.js
FN:6,Users
FN:9,(anonymous_1)
FN:12,(anonymous_2)
FN:35,(anonymous_3)
FNF:4
FNH:2
FNDA:2,Users
FNDA:1,(anonymous_1)
FNDA:0,(anonymous_2)
FNDA:0,(anonymous_3)
DA:7,2
DA:9,1
DA:10,1
DA:11,1
DA:13,0
DA:17,1
DA:36,0
LF:7
LH:5
BRF:0
BRH:0
end_of_record
